This file contains any messages produced by compilers while
running configure, to aid debugging if configure makes a mistake.

It was created by ltrace configure 0.6.0, which was
generated by GNU Autoconf 2.67.  Invocation command line was

  $ ./configure --enable-static --disable-werror

## --------- ##
## Platform. ##
## --------- ##

hostname = debian-armel
uname -m = armv5tejl
uname -r = 2.6.32-5-versatile
uname -s = Linux
uname -v = #1 Wed Jan 12 23:05:11 UTC 2011

/usr/bin/uname -p = unknown
/bin/uname -X     = unknown

/bin/arch              = unknown
/usr/bin/arch -k       = unknown
/usr/convex/getsysinfo = unknown
/usr/bin/hostinfo      = unknown
/bin/machine           = unknown
/usr/bin/oslevel       = unknown
/bin/universe          = unknown

PATH: /usr/local/sbin
PATH: /usr/local/bin
PATH: /usr/sbin
PATH: /usr/bin
PATH: /sbin
PATH: /bin


## ----------- ##
## Core tests. ##
## ----------- ##

configure:2598: checking build system type
configure:2612: result: armv5tejl-unknown-linux-gnueabi
configure:2632: checking host system type
configure:2645: result: armv5tejl-unknown-linux-gnueabi
configure:2731: checking for gcc
configure:2747: found /usr/bin/gcc
configure:2758: result: gcc
configure:2987: checking for C compiler version
configure:2996: gcc --version >&5
gcc (Debian 4.4.5-8) 4.4.5
Copyright (C) 2010 Free Software Foundation, Inc.
This is free software; see the source for copying conditions.  There is NO
warranty; not even for MERCHANTABILITY or FITNESS FOR A PARTICULAR PURPOSE.

configure:3007: $? = 0
configure:2996: gcc -v >&5
Using built-in specs.
Target: arm-linux-gnueabi
Configured with: ../src/configure -v --with-pkgversion='Debian 4.4.5-8' --with-bugurl=file:///usr/share/doc/gcc-4.4/README.Bugs --enable-languages=c,c++,fortran,objc,obj-c++ --prefix=/usr --program-suffix=-4.4 --enable-shared --enable-multiarch --enable-linker-build-id --with-system-zlib --libexecdir=/usr/lib --without-included-gettext --enable-threads=posix --with-gxx-include-dir=/usr/include/c++/4.4 --libdir=/usr/lib --enable-nls --enable-clocale=gnu --enable-libstdcxx-debug --enable-objc-gc --disable-sjlj-exceptions --enable-checking=release --build=arm-linux-gnueabi --host=arm-linux-gnueabi --target=arm-linux-gnueabi
Thread model: posix
gcc version 4.4.5 (Debian 4.4.5-8) 
configure:3007: $? = 0
configure:2996: gcc -V >&5
gcc: '-V' option must have argument
configure:3007: $? = 1
configure:2996: gcc -qversion >&5
gcc: unrecognized option '-qversion'
gcc: no input files
configure:3007: $? = 1
configure:3027: checking whether the C compiler works
configure:3049: gcc    conftest.c  >&5
configure:3053: $? = 0
configure:3101: result: yes
configure:3104: checking for C compiler default output file name
configure:3106: result: a.out
configure:3112: checking for suffix of executables
configure:3119: gcc -o conftest    conftest.c  >&5
configure:3123: $? = 0
configure:3145: result: 
configure:3167: checking whether we are cross compiling
configure:3175: gcc -o conftest    conftest.c  >&5
configure:3179: $? = 0
configure:3186: ./conftest
configure:3190: $? = 0
configure:3205: result: no
configure:3210: checking for suffix of object files
configure:3232: gcc -c   conftest.c >&5
configure:3236: $? = 0
configure:3257: result: o
configure:3261: checking whether we are using the GNU C compiler
configure:3280: gcc -c   conftest.c >&5
configure:3280: $? = 0
configure:3289: result: yes
configure:3298: checking whether gcc accepts -g
configure:3318: gcc -c -g  conftest.c >&5
configure:3318: $? = 0
configure:3359: result: yes
configure:3376: checking for gcc option to accept ISO C89
configure:3440: gcc  -c -g -O2  conftest.c >&5
configure:3440: $? = 0
configure:3453: result: none needed
configure:3498: checking for a sed that does not truncate output
configure:3562: result: /bin/sed
configure:3580: checking for grep that handles long lines and -e
configure:3638: result: /bin/grep
configure:3643: checking for egrep
configure:3705: result: /bin/grep -E
configure:3710: checking for fgrep
configure:3772: result: /bin/grep -F
configure:3807: checking for ld used by gcc
configure:3874: result: /usr/bin/ld
configure:3881: checking if the linker (/usr/bin/ld) is GNU ld
configure:3896: result: yes
configure:3908: checking for BSD- or MS-compatible name lister (nm)
configure:3957: result: /usr/bin/nm -B
configure:4075: checking the name lister (/usr/bin/nm -B) interface
configure:4082: gcc -c -g -O2  conftest.c >&5
configure:4085: /usr/bin/nm -B "conftest.o"
configure:4088: output
00000000 B some_variable
configure:4095: result: BSD nm
configure:4098: checking whether ln -s works
configure:4102: result: yes
configure:4110: checking the maximum length of command line arguments
configure:4230: result: 1572864
configure:4247: checking whether the shell understands some XSI constructs
configure:4257: result: yes
configure:4261: checking whether the shell understands "+="
configure:4267: result: yes
configure:4302: checking for /usr/bin/ld option to reload object files
configure:4309: result: -r
configure:4378: checking for objdump
configure:4394: found /usr/bin/objdump
configure:4405: result: objdump
configure:4437: checking how to recognize dependent libraries
configure:4633: result: pass_all
configure:4693: checking for ar
configure:4709: found /usr/bin/ar
configure:4720: result: ar
configure:4798: checking for strip
configure:4814: found /usr/bin/strip
configure:4825: result: strip
configure:4897: checking for ranlib
configure:4913: found /usr/bin/ranlib
configure:4924: result: ranlib
configure:5014: checking command to parse /usr/bin/nm -B output from gcc object
configure:5132: gcc -c -g -O2  conftest.c >&5
configure:5135: $? = 0
configure:5139: /usr/bin/nm -B conftest.o \| sed -n -e 's/^.*[	 ]\([ABCDGIRSTW][ABCDGIRSTW]*\)[	 ][	 ]*\([_A-Za-z][_A-Za-z0-9]*\)$/\1 \2 \2/p' \> conftest.nm
configure:5142: $? = 0
configure:5196: gcc -o conftest -g -O2   conftest.c conftstm.o >&5
configure:5199: $? = 0
configure:5237: result: ok
configure:6046: checking how to run the C preprocessor
configure:6077: gcc -E  conftest.c
configure:6077: $? = 0
configure:6091: gcc -E  conftest.c
conftest.c:9:28: error: ac_nonexistent.h: No such file or directory
configure:6091: $? = 1
configure: failed program was:
| /* confdefs.h */
| #define PACKAGE_NAME "ltrace"
| #define PACKAGE_TARNAME "ltrace"
| #define PACKAGE_VERSION "0.6.0"
| #define PACKAGE_STRING "ltrace 0.6.0"
| #define PACKAGE_BUGREPORT "ltrace-devel@lists.alioth.debian.org"
| #define PACKAGE_URL ""
| /* end confdefs.h.  */
| #include <ac_nonexistent.h>
configure:6116: result: gcc -E
configure:6136: gcc -E  conftest.c
configure:6136: $? = 0
configure:6150: gcc -E  conftest.c
conftest.c:9:28: error: ac_nonexistent.h: No such file or directory
configure:6150: $? = 1
configure: failed program was:
| /* confdefs.h */
| #define PACKAGE_NAME "ltrace"
| #define PACKAGE_TARNAME "ltrace"
| #define PACKAGE_VERSION "0.6.0"
| #define PACKAGE_STRING "ltrace 0.6.0"
| #define PACKAGE_BUGREPORT "ltrace-devel@lists.alioth.debian.org"
| #define PACKAGE_URL ""
| /* end confdefs.h.  */
| #include <ac_nonexistent.h>
configure:6179: checking for ANSI C header files
configure:6199: gcc -c -g -O2  conftest.c >&5
configure:6199: $? = 0
configure:6272: gcc -o conftest -g -O2   conftest.c  >&5
configure:6272: $? = 0
configure:6272: ./conftest
configure:6272: $? = 0
configure:6283: result: yes
configure:6296: checking for sys/types.h
configure:6296: gcc -c -g -O2  conftest.c >&5
configure:6296: $? = 0
configure:6296: result: yes
configure:6296: checking for sys/stat.h
configure:6296: gcc -c -g -O2  conftest.c >&5
configure:6296: $? = 0
configure:6296: result: yes
configure:6296: checking for stdlib.h
configure:6296: gcc -c -g -O2  conftest.c >&5
configure:6296: $? = 0
configure:6296: result: yes
configure:6296: checking for string.h
configure:6296: gcc -c -g -O2  conftest.c >&5
configure:6296: $? = 0
configure:6296: result: yes
configure:6296: checking for memory.h
configure:6296: gcc -c -g -O2  conftest.c >&5
configure:6296: $? = 0
configure:6296: result: yes
configure:6296: checking for strings.h
configure:6296: gcc -c -g -O2  conftest.c >&5
configure:6296: $? = 0
configure:6296: result: yes
configure:6296: checking for inttypes.h
configure:6296: gcc -c -g -O2  conftest.c >&5
configure:6296: $? = 0
configure:6296: result: yes
configure:6296: checking for stdint.h
configure:6296: gcc -c -g -O2  conftest.c >&5
configure:6296: $? = 0
configure:6296: result: yes
configure:6296: checking for unistd.h
configure:6296: gcc -c -g -O2  conftest.c >&5
configure:6296: $? = 0
configure:6296: result: yes
configure:6310: checking for dlfcn.h
configure:6310: gcc -c -g -O2  conftest.c >&5
configure:6310: $? = 0
configure:6310: result: yes
configure:6494: checking for objdir
configure:6509: result: .libs
configure:6801: checking if gcc supports -fno-rtti -fno-exceptions
configure:6819: gcc -c -g -O2  -fno-rtti -fno-exceptions conftest.c >&5
cc1: warning: command line option "-fno-rtti" is valid for C++/ObjC++ but not for C
configure:6823: $? = 0
configure:6836: result: no
configure:6856: checking for gcc option to produce PIC
configure:7128: result: -fPIC -DPIC
configure:7140: checking if gcc PIC flag -fPIC -DPIC works
configure:7158: gcc -c -g -O2  -fPIC -DPIC -DPIC conftest.c >&5
configure:7162: $? = 0
configure:7175: result: yes
configure:7199: checking if gcc static flag -static works
configure:7227: result: yes
configure:7242: checking if gcc supports -c -o file.o
configure:7263: gcc -c -g -O2  -o out/conftest2.o conftest.c >&5
configure:7267: $? = 0
configure:7289: result: yes
configure:7297: checking if gcc supports -c -o file.o
configure:7344: result: yes
configure:7377: checking whether the gcc linker (/usr/bin/ld) supports shared libraries
configure:8368: result: yes
configure:8405: checking whether -lc should be explicitly linked in
configure:8410: gcc -c -g -O2  conftest.c >&5
configure:8413: $? = 0
configure:8428: gcc -shared conftest.o  -v -Wl,-soname -Wl,conftest -o conftest 2\>\&1 \| /bin/grep  -lc  \>/dev/null 2\>\&1
configure:8431: $? = 0
configure:8443: result: no
configure:8607: checking dynamic linker characteristics
configure:9040: gcc -o conftest -g -O2   -Wl,-rpath -Wl,/foo conftest.c  >&5
configure:9040: $? = 0
configure:9270: result: GNU/Linux ld.so
configure:9372: checking how to hardcode library paths into programs
configure:9397: result: immediate
configure:9917: checking whether stripping libraries is possible
configure:9922: result: yes
configure:9957: checking if libtool supports shared libraries
configure:9959: result: yes
configure:9962: checking whether to build shared libraries
configure:9983: result: yes
configure:9986: checking whether to build static libraries
configure:9990: result: yes
configure:10042: checking for a BSD-compatible install
configure:10110: result: /usr/bin/install -c
configure:10121: checking whether build environment is sane
configure:10171: result: yes
configure:10312: checking for a thread-safe mkdir -p
configure:10351: result: /bin/mkdir -p
configure:10364: checking for gawk
configure:10394: result: no
configure:10364: checking for mawk
configure:10380: found /usr/bin/mawk
configure:10391: result: mawk
configure:10402: checking whether make sets $(MAKE)
configure:10424: result: yes
configure:10454: checking for style of include used by make
configure:10482: result: GNU
configure:10567: checking dependency style of gcc
configure:10677: result: gcc3
configure:10694: checking whether to enable maintainer-specific portions of Makefiles
configure:10703: result: no
configure:10746: checking elf.h usability
configure:10746: gcc -c -g -O2   conftest.c >&5
configure:10746: $? = 0
configure:10746: result: yes
configure:10746: checking elf.h presence
configure:10746: gcc -E   conftest.c
configure:10746: $? = 0
configure:10746: result: yes
configure:10746: checking for elf.h
configure:10746: result: yes
configure:10746: checking gelf.h usability
configure:10746: gcc -c -g -O2   conftest.c >&5
configure:10746: $? = 0
configure:10746: result: yes
configure:10746: checking gelf.h presence
configure:10746: gcc -E   conftest.c
configure:10746: $? = 0
configure:10746: result: yes
configure:10746: checking for gelf.h
configure:10746: result: yes
configure:10759: checking for elf_begin in -lelf
configure:10784: gcc -o conftest -g -O2     conftest.c -lelf   >&5
configure:10784: $? = 0
configure:10793: result: yes
configure:10812: checking for cplus_demangle in -liberty
configure:10837: gcc -o conftest -g -O2   conftest.c -liberty  -lelf  >&5
/usr/bin/ld: cannot find -liberty
collect2: ld returned 1 exit status
configure:10837: $? = 1
configure: failed program was:
| /* confdefs.h */
| #define PACKAGE_NAME "ltrace"
| #define PACKAGE_TARNAME "ltrace"
| #define PACKAGE_VERSION "0.6.0"
| #define PACKAGE_STRING "ltrace 0.6.0"
| #define PACKAGE_BUGREPORT "ltrace-devel@lists.alioth.debian.org"
| #define PACKAGE_URL ""
| #define STDC_HEADERS 1
| #define HAVE_SYS_TYPES_H 1
| #define HAVE_SYS_STAT_H 1
| #define HAVE_STDLIB_H 1
| #define HAVE_STRING_H 1
| #define HAVE_MEMORY_H 1
| #define HAVE_STRINGS_H 1
| #define HAVE_INTTYPES_H 1
| #define HAVE_STDINT_H 1
| #define HAVE_UNISTD_H 1
| #define HAVE_DLFCN_H 1
| #define LT_OBJDIR ".libs/"
| #define PACKAGE "ltrace"
| #define VERSION "0.6.0"
| #define HAVE_ELF_H 1
| #define HAVE_GELF_H 1
| #define HAVE_LIBELF 1
| /* end confdefs.h.  */
| 
| /* Override any GCC internal prototype to avoid an error.
|    Use char because int might match the return type of a GCC
|    builtin and then its argument prototype would still apply.  */
| #ifdef __cplusplus
| extern "C"
| #endif
| char cplus_demangle ();
| int
| main ()
| {
| return cplus_demangle ();
|   ;
|   return 0;
| }
configure:10846: result: no
configure:10863: checking for __cxa_demangle in -lsupc++
configure:10888: gcc -o conftest -g -O2   conftest.c -lsupc++  -lelf  >&5
/usr/bin/ld: cannot find -lsupc++
collect2: ld returned 1 exit status
configure:10888: $? = 1
configure: failed program was:
| /* confdefs.h */
| #define PACKAGE_NAME "ltrace"
| #define PACKAGE_TARNAME "ltrace"
| #define PACKAGE_VERSION "0.6.0"
| #define PACKAGE_STRING "ltrace 0.6.0"
| #define PACKAGE_BUGREPORT "ltrace-devel@lists.alioth.debian.org"
| #define PACKAGE_URL ""
| #define STDC_HEADERS 1
| #define HAVE_SYS_TYPES_H 1
| #define HAVE_SYS_STAT_H 1
| #define HAVE_STDLIB_H 1
| #define HAVE_STRING_H 1
| #define HAVE_MEMORY_H 1
| #define HAVE_STRINGS_H 1
| #define HAVE_INTTYPES_H 1
| #define HAVE_STDINT_H 1
| #define HAVE_UNISTD_H 1
| #define HAVE_DLFCN_H 1
| #define LT_OBJDIR ".libs/"
| #define PACKAGE "ltrace"
| #define VERSION "0.6.0"
| #define HAVE_ELF_H 1
| #define HAVE_GELF_H 1
| #define HAVE_LIBELF 1
| /* end confdefs.h.  */
| 
| /* Override any GCC internal prototype to avoid an error.
|    Use char because int might match the return type of a GCC
|    builtin and then its argument prototype would still apply.  */
| #ifdef __cplusplus
| extern "C"
| #endif
| char __cxa_demangle ();
| int
| main ()
| {
| return __cxa_demangle ();
|   ;
|   return 0;
| }
configure:10897: result: no
configure:10934: checking libunwind.h usability
configure:10934: gcc -c -g -O2   conftest.c >&5
conftest.c:59:23: error: libunwind.h: No such file or directory
configure:10934: $? = 1
configure: failed program was:
| /* confdefs.h */
| #define PACKAGE_NAME "ltrace"
| #define PACKAGE_TARNAME "ltrace"
| #define PACKAGE_VERSION "0.6.0"
| #define PACKAGE_STRING "ltrace 0.6.0"
| #define PACKAGE_BUGREPORT "ltrace-devel@lists.alioth.debian.org"
| #define PACKAGE_URL ""
| #define STDC_HEADERS 1
| #define HAVE_SYS_TYPES_H 1
| #define HAVE_SYS_STAT_H 1
| #define HAVE_STDLIB_H 1
| #define HAVE_STRING_H 1
| #define HAVE_MEMORY_H 1
| #define HAVE_STRINGS_H 1
| #define HAVE_INTTYPES_H 1
| #define HAVE_STDINT_H 1
| #define HAVE_UNISTD_H 1
| #define HAVE_DLFCN_H 1
| #define LT_OBJDIR ".libs/"
| #define PACKAGE "ltrace"
| #define VERSION "0.6.0"
| #define HAVE_ELF_H 1
| #define HAVE_GELF_H 1
| #define HAVE_LIBELF 1
| /* end confdefs.h.  */
| #include <stdio.h>
| #ifdef HAVE_SYS_TYPES_H
| # include <sys/types.h>
| #endif
| #ifdef HAVE_SYS_STAT_H
| # include <sys/stat.h>
| #endif
| #ifdef STDC_HEADERS
| # include <stdlib.h>
| # include <stddef.h>
| #else
| # ifdef HAVE_STDLIB_H
| #  include <stdlib.h>
| # endif
| #endif
| #ifdef HAVE_STRING_H
| # if !defined STDC_HEADERS && defined HAVE_MEMORY_H
| #  include <memory.h>
| # endif
| # include <string.h>
| #endif
| #ifdef HAVE_STRINGS_H
| # include <strings.h>
| #endif
| #ifdef HAVE_INTTYPES_H
| # include <inttypes.h>
| #endif
| #ifdef HAVE_STDINT_H
| # include <stdint.h>
| #endif
| #ifdef HAVE_UNISTD_H
| # include <unistd.h>
| #endif
| #include <libunwind.h>
configure:10934: result: no
configure:10934: checking libunwind.h presence
configure:10934: gcc -E   conftest.c
conftest.c:26:23: error: libunwind.h: No such file or directory
configure:10934: $? = 1
configure: failed program was:
| /* confdefs.h */
| #define PACKAGE_NAME "ltrace"
| #define PACKAGE_TARNAME "ltrace"
| #define PACKAGE_VERSION "0.6.0"
| #define PACKAGE_STRING "ltrace 0.6.0"
| #define PACKAGE_BUGREPORT "ltrace-devel@lists.alioth.debian.org"
| #define PACKAGE_URL ""
| #define STDC_HEADERS 1
| #define HAVE_SYS_TYPES_H 1
| #define HAVE_SYS_STAT_H 1
| #define HAVE_STDLIB_H 1
| #define HAVE_STRING_H 1
| #define HAVE_MEMORY_H 1
| #define HAVE_STRINGS_H 1
| #define HAVE_INTTYPES_H 1
| #define HAVE_STDINT_H 1
| #define HAVE_UNISTD_H 1
| #define HAVE_DLFCN_H 1
| #define LT_OBJDIR ".libs/"
| #define PACKAGE "ltrace"
| #define VERSION "0.6.0"
| #define HAVE_ELF_H 1
| #define HAVE_GELF_H 1
| #define HAVE_LIBELF 1
| /* end confdefs.h.  */
| #include <libunwind.h>
configure:10934: result: no
configure:10934: checking for libunwind.h
configure:10934: result: no
configure:10946: checking libunwind-ptrace.h usability
configure:10946: gcc -c -g -O2   conftest.c >&5
conftest.c:59:30: error: libunwind-ptrace.h: No such file or directory
configure:10946: $? = 1
configure: failed program was:
| /* confdefs.h */
| #define PACKAGE_NAME "ltrace"
| #define PACKAGE_TARNAME "ltrace"
| #define PACKAGE_VERSION "0.6.0"
| #define PACKAGE_STRING "ltrace 0.6.0"
| #define PACKAGE_BUGREPORT "ltrace-devel@lists.alioth.debian.org"
| #define PACKAGE_URL ""
| #define STDC_HEADERS 1
| #define HAVE_SYS_TYPES_H 1
| #define HAVE_SYS_STAT_H 1
| #define HAVE_STDLIB_H 1
| #define HAVE_STRING_H 1
| #define HAVE_MEMORY_H 1
| #define HAVE_STRINGS_H 1
| #define HAVE_INTTYPES_H 1
| #define HAVE_STDINT_H 1
| #define HAVE_UNISTD_H 1
| #define HAVE_DLFCN_H 1
| #define LT_OBJDIR ".libs/"
| #define PACKAGE "ltrace"
| #define VERSION "0.6.0"
| #define HAVE_ELF_H 1
| #define HAVE_GELF_H 1
| #define HAVE_LIBELF 1
| /* end confdefs.h.  */
| #include <stdio.h>
| #ifdef HAVE_SYS_TYPES_H
| # include <sys/types.h>
| #endif
| #ifdef HAVE_SYS_STAT_H
| # include <sys/stat.h>
| #endif
| #ifdef STDC_HEADERS
| # include <stdlib.h>
| # include <stddef.h>
| #else
| # ifdef HAVE_STDLIB_H
| #  include <stdlib.h>
| # endif
| #endif
| #ifdef HAVE_STRING_H
| # if !defined STDC_HEADERS && defined HAVE_MEMORY_H
| #  include <memory.h>
| # endif
| # include <string.h>
| #endif
| #ifdef HAVE_STRINGS_H
| # include <strings.h>
| #endif
| #ifdef HAVE_INTTYPES_H
| # include <inttypes.h>
| #endif
| #ifdef HAVE_STDINT_H
| # include <stdint.h>
| #endif
| #ifdef HAVE_UNISTD_H
| # include <unistd.h>
| #endif
| #include <libunwind-ptrace.h>
configure:10946: result: no
configure:10946: checking libunwind-ptrace.h presence
configure:10946: gcc -E   conftest.c
conftest.c:26:30: error: libunwind-ptrace.h: No such file or directory
configure:10946: $? = 1
configure: failed program was:
| /* confdefs.h */
| #define PACKAGE_NAME "ltrace"
| #define PACKAGE_TARNAME "ltrace"
| #define PACKAGE_VERSION "0.6.0"
| #define PACKAGE_STRING "ltrace 0.6.0"
| #define PACKAGE_BUGREPORT "ltrace-devel@lists.alioth.debian.org"
| #define PACKAGE_URL ""
| #define STDC_HEADERS 1
| #define HAVE_SYS_TYPES_H 1
| #define HAVE_SYS_STAT_H 1
| #define HAVE_STDLIB_H 1
| #define HAVE_STRING_H 1
| #define HAVE_MEMORY_H 1
| #define HAVE_STRINGS_H 1
| #define HAVE_INTTYPES_H 1
| #define HAVE_STDINT_H 1
| #define HAVE_UNISTD_H 1
| #define HAVE_DLFCN_H 1
| #define LT_OBJDIR ".libs/"
| #define PACKAGE "ltrace"
| #define VERSION "0.6.0"
| #define HAVE_ELF_H 1
| #define HAVE_GELF_H 1
| #define HAVE_LIBELF 1
| /* end confdefs.h.  */
| #include <libunwind-ptrace.h>
configure:10946: result: no
configure:10946: checking for libunwind-ptrace.h
configure:10946: result: no
configure:10958: checking whether to use libunwind support
configure:10974: result: no
configure:11133: checking whether elf_begin accepts ELF_C_READ_MMAP
configure:11151: gcc -c -g -O2   conftest.c >&5
configure:11151: $? = 0
configure:11156: result: yes
configure:11167: checking whether elf_hash takes a signed char string
configure:11182: gcc -c -g -O2 -Wall -Werror   conftest.c >&5
configure:11182: $? = 0
configure:11186: result: yes
configure:11220: checking fcntl.h usability
configure:11220: gcc -c -g -O2  conftest.c >&5
configure:11220: $? = 0
configure:11220: result: yes
configure:11220: checking fcntl.h presence
configure:11220: gcc -E  conftest.c
configure:11220: $? = 0
configure:11220: result: yes
configure:11220: checking for fcntl.h
configure:11220: result: yes
configure:11220: checking limits.h usability
configure:11220: gcc -c -g -O2  conftest.c >&5
configure:11220: $? = 0
configure:11220: result: yes
configure:11220: checking limits.h presence
configure:11220: gcc -E  conftest.c
configure:11220: $? = 0
configure:11220: result: yes
configure:11220: checking for limits.h
configure:11220: result: yes
configure:11220: checking stddef.h usability
configure:11220: gcc -c -g -O2  conftest.c >&5
configure:11220: $? = 0
configure:11220: result: yes
configure:11220: checking stddef.h presence
configure:11220: gcc -E  conftest.c
configure:11220: $? = 0
configure:11220: result: yes
configure:11220: checking for stddef.h
configure:11220: result: yes
configure:11220: checking for stdint.h
configure:11220: result: yes
configure:11220: checking for stdlib.h
configure:11220: result: yes
configure:11220: checking for string.h
configure:11220: result: yes
configure:11220: checking sys/ioctl.h usability
configure:11220: gcc -c -g -O2  conftest.c >&5
configure:11220: $? = 0
configure:11220: result: yes
configure:11220: checking sys/ioctl.h presence
configure:11220: gcc -E  conftest.c
configure:11220: $? = 0
configure:11220: result: yes
configure:11220: checking for sys/ioctl.h
configure:11220: result: yes
configure:11220: checking sys/param.h usability
configure:11220: gcc -c -g -O2  conftest.c >&5
configure:11220: $? = 0
configure:11220: result: yes
configure:11220: checking sys/param.h presence
configure:11220: gcc -E  conftest.c
configure:11220: $? = 0
configure:11220: result: yes
configure:11220: checking for sys/param.h
configure:11220: result: yes
configure:11220: checking sys/time.h usability
configure:11220: gcc -c -g -O2  conftest.c >&5
configure:11220: $? = 0
configure:11220: result: yes
configure:11220: checking sys/time.h presence
configure:11220: gcc -E  conftest.c
configure:11220: $? = 0
configure:11220: result: yes
configure:11220: checking for sys/time.h
configure:11220: result: yes
configure:11220: checking for unistd.h
configure:11220: result: yes
configure:11232: checking for uid_t in sys/types.h
configure:11251: result: yes
configure:11262: checking for inline
configure:11278: gcc -c -g -O2  conftest.c >&5
configure:11278: $? = 0
configure:11286: result: inline
configure:11304: checking for pid_t
configure:11304: gcc -c -g -O2  conftest.c >&5
configure:11304: $? = 0
configure:11304: gcc -c -g -O2  conftest.c >&5
conftest.c: In function 'main':
conftest.c:74: error: expected expression before ')' token
configure:11304: $? = 1
configure: failed program was:
| /* confdefs.h */
| #define PACKAGE_NAME "ltrace"
| #define PACKAGE_TARNAME "ltrace"
| #define PACKAGE_VERSION "0.6.0"
| #define PACKAGE_STRING "ltrace 0.6.0"
| #define PACKAGE_BUGREPORT "ltrace-devel@lists.alioth.debian.org"
| #define PACKAGE_URL ""
| #define STDC_HEADERS 1
| #define HAVE_SYS_TYPES_H 1
| #define HAVE_SYS_STAT_H 1
| #define HAVE_STDLIB_H 1
| #define HAVE_STRING_H 1
| #define HAVE_MEMORY_H 1
| #define HAVE_STRINGS_H 1
| #define HAVE_INTTYPES_H 1
| #define HAVE_STDINT_H 1
| #define HAVE_UNISTD_H 1
| #define HAVE_DLFCN_H 1
| #define LT_OBJDIR ".libs/"
| #define PACKAGE "ltrace"
| #define VERSION "0.6.0"
| #define HAVE_ELF_H 1
| #define HAVE_GELF_H 1
| #define HAVE_LIBELF 1
| #define HAVE_ELF_C_READ_MMAP 1
| #define ELF_HASH_TAKES_SIGNED_CHAR 1
| #define HAVE_FCNTL_H 1
| #define HAVE_LIMITS_H 1
| #define HAVE_STDDEF_H 1
| #define HAVE_STDINT_H 1
| #define HAVE_STDLIB_H 1
| #define HAVE_STRING_H 1
| #define HAVE_SYS_IOCTL_H 1
| #define HAVE_SYS_PARAM_H 1
| #define HAVE_SYS_TIME_H 1
| #define HAVE_UNISTD_H 1
| /* end confdefs.h.  */
| #include <stdio.h>
| #ifdef HAVE_SYS_TYPES_H
| # include <sys/types.h>
| #endif
| #ifdef HAVE_SYS_STAT_H
| # include <sys/stat.h>
| #endif
| #ifdef STDC_HEADERS
| # include <stdlib.h>
| # include <stddef.h>
| #else
| # ifdef HAVE_STDLIB_H
| #  include <stdlib.h>
| # endif
| #endif
| #ifdef HAVE_STRING_H
| # if !defined STDC_HEADERS && defined HAVE_MEMORY_H
| #  include <memory.h>
| # endif
| # include <string.h>
| #endif
| #ifdef HAVE_STRINGS_H
| # include <strings.h>
| #endif
| #ifdef HAVE_INTTYPES_H
| # include <inttypes.h>
| #endif
| #ifdef HAVE_STDINT_H
| # include <stdint.h>
| #endif
| #ifdef HAVE_UNISTD_H
| # include <unistd.h>
| #endif
| int
| main ()
| {
| if (sizeof ((pid_t)))
| 	    return 0;
|   ;
|   return 0;
| }
configure:11304: result: yes
configure:11315: checking for size_t
configure:11315: gcc -c -g -O2  conftest.c >&5
configure:11315: $? = 0
configure:11315: gcc -c -g -O2  conftest.c >&5
conftest.c: In function 'main':
conftest.c:74: error: expected expression before ')' token
configure:11315: $? = 1
configure: failed program was:
| /* confdefs.h */
| #define PACKAGE_NAME "ltrace"
| #define PACKAGE_TARNAME "ltrace"
| #define PACKAGE_VERSION "0.6.0"
| #define PACKAGE_STRING "ltrace 0.6.0"
| #define PACKAGE_BUGREPORT "ltrace-devel@lists.alioth.debian.org"
| #define PACKAGE_URL ""
| #define STDC_HEADERS 1
| #define HAVE_SYS_TYPES_H 1
| #define HAVE_SYS_STAT_H 1
| #define HAVE_STDLIB_H 1
| #define HAVE_STRING_H 1
| #define HAVE_MEMORY_H 1
| #define HAVE_STRINGS_H 1
| #define HAVE_INTTYPES_H 1
| #define HAVE_STDINT_H 1
| #define HAVE_UNISTD_H 1
| #define HAVE_DLFCN_H 1
| #define LT_OBJDIR ".libs/"
| #define PACKAGE "ltrace"
| #define VERSION "0.6.0"
| #define HAVE_ELF_H 1
| #define HAVE_GELF_H 1
| #define HAVE_LIBELF 1
| #define HAVE_ELF_C_READ_MMAP 1
| #define ELF_HASH_TAKES_SIGNED_CHAR 1
| #define HAVE_FCNTL_H 1
| #define HAVE_LIMITS_H 1
| #define HAVE_STDDEF_H 1
| #define HAVE_STDINT_H 1
| #define HAVE_STDLIB_H 1
| #define HAVE_STRING_H 1
| #define HAVE_SYS_IOCTL_H 1
| #define HAVE_SYS_PARAM_H 1
| #define HAVE_SYS_TIME_H 1
| #define HAVE_UNISTD_H 1
| /* end confdefs.h.  */
| #include <stdio.h>
| #ifdef HAVE_SYS_TYPES_H
| # include <sys/types.h>
| #endif
| #ifdef HAVE_SYS_STAT_H
| # include <sys/stat.h>
| #endif
| #ifdef STDC_HEADERS
| # include <stdlib.h>
| # include <stddef.h>
| #else
| # ifdef HAVE_STDLIB_H
| #  include <stdlib.h>
| # endif
| #endif
| #ifdef HAVE_STRING_H
| # if !defined STDC_HEADERS && defined HAVE_MEMORY_H
| #  include <memory.h>
| # endif
| # include <string.h>
| #endif
| #ifdef HAVE_STRINGS_H
| # include <strings.h>
| #endif
| #ifdef HAVE_INTTYPES_H
| # include <inttypes.h>
| #endif
| #ifdef HAVE_STDINT_H
| # include <stdint.h>
| #endif
| #ifdef HAVE_UNISTD_H
| # include <unistd.h>
| #endif
| int
| main ()
| {
| if (sizeof ((size_t)))
| 	    return 0;
|   ;
|   return 0;
| }
configure:11315: result: yes
configure:11330: checking size of long
configure:11335: gcc -o conftest -g -O2   conftest.c -lelf  >&5
configure:11335: $? = 0
configure:11335: ./conftest
configure:11335: $? = 0
configure:11349: result: 4
configure:11362: checking for error_at_line
configure:11378: gcc -o conftest -g -O2   conftest.c -lelf  >&5
configure:11378: $? = 0
configure:11386: result: yes
configure:11399: checking vfork.h usability
configure:11399: gcc -c -g -O2  conftest.c >&5
conftest.c:72:19: error: vfork.h: No such file or directory
configure:11399: $? = 1
configure: failed program was:
| /* confdefs.h */
| #define PACKAGE_NAME "ltrace"
| #define PACKAGE_TARNAME "ltrace"
| #define PACKAGE_VERSION "0.6.0"
| #define PACKAGE_STRING "ltrace 0.6.0"
| #define PACKAGE_BUGREPORT "ltrace-devel@lists.alioth.debian.org"
| #define PACKAGE_URL ""
| #define STDC_HEADERS 1
| #define HAVE_SYS_TYPES_H 1
| #define HAVE_SYS_STAT_H 1
| #define HAVE_STDLIB_H 1
| #define HAVE_STRING_H 1
| #define HAVE_MEMORY_H 1
| #define HAVE_STRINGS_H 1
| #define HAVE_INTTYPES_H 1
| #define HAVE_STDINT_H 1
| #define HAVE_UNISTD_H 1
| #define HAVE_DLFCN_H 1
| #define LT_OBJDIR ".libs/"
| #define PACKAGE "ltrace"
| #define VERSION "0.6.0"
| #define HAVE_ELF_H 1
| #define HAVE_GELF_H 1
| #define HAVE_LIBELF 1
| #define HAVE_ELF_C_READ_MMAP 1
| #define ELF_HASH_TAKES_SIGNED_CHAR 1
| #define HAVE_FCNTL_H 1
| #define HAVE_LIMITS_H 1
| #define HAVE_STDDEF_H 1
| #define HAVE_STDINT_H 1
| #define HAVE_STDLIB_H 1
| #define HAVE_STRING_H 1
| #define HAVE_SYS_IOCTL_H 1
| #define HAVE_SYS_PARAM_H 1
| #define HAVE_SYS_TIME_H 1
| #define HAVE_UNISTD_H 1
| #define SIZEOF_LONG 4
| /* end confdefs.h.  */
| #include <stdio.h>
| #ifdef HAVE_SYS_TYPES_H
| # include <sys/types.h>
| #endif
| #ifdef HAVE_SYS_STAT_H
| # include <sys/stat.h>
| #endif
| #ifdef STDC_HEADERS
| # include <stdlib.h>
| # include <stddef.h>
| #else
| # ifdef HAVE_STDLIB_H
| #  include <stdlib.h>
| # endif
| #endif
| #ifdef HAVE_STRING_H
| # if !defined STDC_HEADERS && defined HAVE_MEMORY_H
| #  include <memory.h>
| # endif
| # include <string.h>
| #endif
| #ifdef HAVE_STRINGS_H
| # include <strings.h>
| #endif
| #ifdef HAVE_INTTYPES_H
| # include <inttypes.h>
| #endif
| #ifdef HAVE_STDINT_H
| # include <stdint.h>
| #endif
| #ifdef HAVE_UNISTD_H
| # include <unistd.h>
| #endif
| #include <vfork.h>
configure:11399: result: no
configure:11399: checking vfork.h presence
configure:11399: gcc -E  conftest.c
conftest.c:39:19: error: vfork.h: No such file or directory
configure:11399: $? = 1
configure: failed program was:
| /* confdefs.h */
| #define PACKAGE_NAME "ltrace"
| #define PACKAGE_TARNAME "ltrace"
| #define PACKAGE_VERSION "0.6.0"
| #define PACKAGE_STRING "ltrace 0.6.0"
| #define PACKAGE_BUGREPORT "ltrace-devel@lists.alioth.debian.org"
| #define PACKAGE_URL ""
| #define STDC_HEADERS 1
| #define HAVE_SYS_TYPES_H 1
| #define HAVE_SYS_STAT_H 1
| #define HAVE_STDLIB_H 1
| #define HAVE_STRING_H 1
| #define HAVE_MEMORY_H 1
| #define HAVE_STRINGS_H 1
| #define HAVE_INTTYPES_H 1
| #define HAVE_STDINT_H 1
| #define HAVE_UNISTD_H 1
| #define HAVE_DLFCN_H 1
| #define LT_OBJDIR ".libs/"
| #define PACKAGE "ltrace"
| #define VERSION "0.6.0"
| #define HAVE_ELF_H 1
| #define HAVE_GELF_H 1
| #define HAVE_LIBELF 1
| #define HAVE_ELF_C_READ_MMAP 1
| #define ELF_HASH_TAKES_SIGNED_CHAR 1
| #define HAVE_FCNTL_H 1
| #define HAVE_LIMITS_H 1
| #define HAVE_STDDEF_H 1
| #define HAVE_STDINT_H 1
| #define HAVE_STDLIB_H 1
| #define HAVE_STRING_H 1
| #define HAVE_SYS_IOCTL_H 1
| #define HAVE_SYS_PARAM_H 1
| #define HAVE_SYS_TIME_H 1
| #define HAVE_UNISTD_H 1
| #define SIZEOF_LONG 4
| /* end confdefs.h.  */
| #include <vfork.h>
configure:11399: result: no
configure:11399: checking for vfork.h
configure:11399: result: no
configure:11412: checking for fork
configure:11412: gcc -o conftest -g -O2   conftest.c -lelf  >&5
conftest.c:62: warning: conflicting types for built-in function 'fork'
configure:11412: $? = 0
configure:11412: result: yes
configure:11412: checking for vfork
configure:11412: gcc -o conftest -g -O2   conftest.c -lelf  >&5
configure:11412: $? = 0
configure:11412: result: yes
configure:11422: checking for working fork
configure:11444: gcc -o conftest -g -O2   conftest.c -lelf  >&5
configure:11444: $? = 0
configure:11444: ./conftest
configure:11444: $? = 0
configure:11454: result: yes
configure:11475: checking for working vfork
configure:11585: result: yes
configure:11626: checking for alarm
configure:11626: gcc -o conftest -g -O2   conftest.c -lelf  >&5
configure:11626: $? = 0
configure:11626: result: yes
configure:11626: checking for atexit
configure:11626: gcc -o conftest -g -O2   conftest.c -lelf  >&5
configure:11626: $? = 0
configure:11626: result: yes
configure:11626: checking for getcwd
configure:11626: gcc -o conftest -g -O2   conftest.c -lelf  >&5
configure:11626: $? = 0
configure:11626: result: yes
configure:11626: checking for gettimeofday
configure:11626: gcc -o conftest -g -O2   conftest.c -lelf  >&5
configure:11626: $? = 0
configure:11626: result: yes
configure:11626: checking for memset
configure:11626: gcc -o conftest -g -O2   conftest.c -lelf  >&5
conftest.c:70: warning: conflicting types for built-in function 'memset'
configure:11626: $? = 0
configure:11626: result: yes
configure:11626: checking for mkdir
configure:11626: gcc -o conftest -g -O2   conftest.c -lelf  >&5
configure:11626: $? = 0
configure:11626: result: yes
configure:11626: checking for rmdir
configure:11626: gcc -o conftest -g -O2   conftest.c -lelf  >&5
configure:11626: $? = 0
configure:11626: result: yes
configure:11626: checking for strchr
configure:11626: gcc -o conftest -g -O2   conftest.c -lelf  >&5
conftest.c:73: warning: conflicting types for built-in function 'strchr'
configure:11626: $? = 0
configure:11626: result: yes
configure:11626: checking for strdup
configure:11626: gcc -o conftest -g -O2   conftest.c -lelf  >&5
conftest.c:74: warning: conflicting types for built-in function 'strdup'
configure:11626: $? = 0
configure:11626: result: yes
configure:11626: checking for strerror
configure:11626: gcc -o conftest -g -O2   conftest.c -lelf  >&5
configure:11626: $? = 0
configure:11626: result: yes
configure:11626: checking for strtol
configure:11626: gcc -o conftest -g -O2   conftest.c -lelf  >&5
configure:11626: $? = 0
configure:11626: result: yes
configure:11626: checking for strtoul
configure:11626: gcc -o conftest -g -O2   conftest.c -lelf  >&5
configure:11626: $? = 0
configure:11626: result: yes
configure:11640: checking whether to enable debugging
configure:11652: result: no
configure:11804: creating ./config.status

## ---------------------- ##
## Running config.status. ##
## ---------------------- ##

This file was extended by ltrace config.status 0.6.0, which was
generated by GNU Autoconf 2.67.  Invocation command line was

  CONFIG_FILES    = 
  CONFIG_HEADERS  = 
  CONFIG_LINKS    = 
  CONFIG_COMMANDS = 
  $ ./config.status 

on debian-armel

config.status:1131: creating Makefile
config.status:1131: creating sysdeps/Makefile
config.status:1131: creating sysdeps/linux-gnu/Makefile
config.status:1131: creating sysdeps/linux-gnu/alpha/Makefile
config.status:1131: creating sysdeps/linux-gnu/arm/Makefile
config.status:1131: creating sysdeps/linux-gnu/i386/Makefile
config.status:1131: creating sysdeps/linux-gnu/ia64/Makefile
config.status:1131: creating sysdeps/linux-gnu/m68k/Makefile
config.status:1131: creating sysdeps/linux-gnu/mipsel/Makefile
config.status:1131: creating sysdeps/linux-gnu/ppc/Makefile
config.status:1131: creating sysdeps/linux-gnu/s390/Makefile
config.status:1131: creating sysdeps/linux-gnu/sparc/Makefile
config.status:1131: creating sysdeps/linux-gnu/x86_64/Makefile
config.status:1131: creating testsuite/Makefile
config.status:1131: creating testsuite/ltrace.main/Makefile
config.status:1131: creating testsuite/ltrace.minor/Makefile
config.status:1131: creating testsuite/ltrace.torture/Makefile
config.status:1131: creating config.h
config.status:1311: config.h is unchanged
config.status:1359: executing libtool commands
config.status:1359: executing depfiles commands

## ---------------- ##
## Cache variables. ##
## ---------------- ##

ac_cv_build=armv5tejl-unknown-linux-gnueabi
ac_cv_c_compiler_gnu=yes
ac_cv_c_inline=inline
ac_cv_env_CC_set=
ac_cv_env_CC_value=
ac_cv_env_CFLAGS_set=
ac_cv_env_CFLAGS_value=
ac_cv_env_CPPFLAGS_set=
ac_cv_env_CPPFLAGS_value=
ac_cv_env_CPP_set=
ac_cv_env_CPP_value=
ac_cv_env_LDFLAGS_set=
ac_cv_env_LDFLAGS_value=
ac_cv_env_LIBS_set=
ac_cv_env_LIBS_value=
ac_cv_env_build_alias_set=
ac_cv_env_build_alias_value=
ac_cv_env_host_alias_set=
ac_cv_env_host_alias_value=
ac_cv_env_target_alias_set=
ac_cv_env_target_alias_value=
ac_cv_func_alarm=yes
ac_cv_func_atexit=yes
ac_cv_func_fork=yes
ac_cv_func_fork_works=yes
ac_cv_func_getcwd=yes
ac_cv_func_gettimeofday=yes
ac_cv_func_memset=yes
ac_cv_func_mkdir=yes
ac_cv_func_rmdir=yes
ac_cv_func_strchr=yes
ac_cv_func_strdup=yes
ac_cv_func_strerror=yes
ac_cv_func_strtol=yes
ac_cv_func_strtoul=yes
ac_cv_func_vfork=yes
ac_cv_func_vfork_works=yes
ac_cv_header_dlfcn_h=yes
ac_cv_header_elf_h=yes
ac_cv_header_fcntl_h=yes
ac_cv_header_gelf_h=yes
ac_cv_header_inttypes_h=yes
ac_cv_header_libunwind_h=no
ac_cv_header_libunwind_ptrace_h=no
ac_cv_header_limits_h=yes
ac_cv_header_memory_h=yes
ac_cv_header_stdc=yes
ac_cv_header_stddef_h=yes
ac_cv_header_stdint_h=yes
ac_cv_header_stdlib_h=yes
ac_cv_header_string_h=yes
ac_cv_header_strings_h=yes
ac_cv_header_sys_ioctl_h=yes
ac_cv_header_sys_param_h=yes
ac_cv_header_sys_stat_h=yes
ac_cv_header_sys_time_h=yes
ac_cv_header_sys_types_h=yes
ac_cv_header_unistd_h=yes
ac_cv_header_vfork_h=no
ac_cv_host=armv5tejl-unknown-linux-gnueabi
ac_cv_lib_elf_elf_begin=yes
ac_cv_lib_error_at_line=yes
ac_cv_lib_iberty_cplus_demangle=no
ac_cv_lib_supcpp___cxa_demangle=no
ac_cv_objext=o
ac_cv_path_EGREP='/bin/grep -E'
ac_cv_path_FGREP='/bin/grep -F'
ac_cv_path_GREP=/bin/grep
ac_cv_path_SED=/bin/sed
ac_cv_path_install='/usr/bin/install -c'
ac_cv_path_mkdir=/bin/mkdir
ac_cv_prog_AWK=mawk
ac_cv_prog_CPP='gcc -E'
ac_cv_prog_ac_ct_AR=ar
ac_cv_prog_ac_ct_CC=gcc
ac_cv_prog_ac_ct_OBJDUMP=objdump
ac_cv_prog_ac_ct_RANLIB=ranlib
ac_cv_prog_ac_ct_STRIP=strip
ac_cv_prog_cc_c89=
ac_cv_prog_cc_g=yes
ac_cv_prog_make_make_set=yes
ac_cv_sizeof_long=4
ac_cv_type_pid_t=yes
ac_cv_type_size_t=yes
ac_cv_type_uid_t=yes
am_cv_CC_dependencies_compiler_type=gcc3
lt_cv_deplibs_check_method=pass_all
lt_cv_file_magic_cmd='$MAGIC_CMD'
lt_cv_file_magic_test_file=
lt_cv_ld_reload_flag=-r
lt_cv_nm_interface='BSD nm'
lt_cv_objdir=.libs
lt_cv_path_LD=/usr/bin/ld
lt_cv_path_NM='/usr/bin/nm -B'
lt_cv_prog_compiler_c_o=yes
lt_cv_prog_compiler_pic_works=yes
lt_cv_prog_compiler_rtti_exceptions=no
lt_cv_prog_compiler_static_works=yes
lt_cv_prog_gnu_ld=yes
lt_cv_sys_global_symbol_pipe='sed -n -e '\''s/^.*[	 ]\([ABCDGIRSTW][ABCDGIRSTW]*\)[	 ][	 ]*\([_A-Za-z][_A-Za-z0-9]*\)$/\1 \2 \2/p'\'''
lt_cv_sys_global_symbol_to_c_name_address='sed -n -e '\''s/^: \([^ ]*\) $/  {\"\1\", (void *) 0},/p'\'' -e '\''s/^[ABCDGIRSTW]* \([^ ]*\) \([^ ]*\)$/  {"\2", (void *) \&\2},/p'\'''
lt_cv_sys_global_symbol_to_c_name_address_lib_prefix='sed -n -e '\''s/^: \([^ ]*\) $/  {\"\1\", (void *) 0},/p'\'' -e '\''s/^[ABCDGIRSTW]* \([^ ]*\) \(lib[^ ]*\)$/  {"\2", (void *) \&\2},/p'\'' -e '\''s/^[ABCDGIRSTW]* \([^ ]*\) \([^ ]*\)$/  {"lib\2", (void *) \&\2},/p'\'''
lt_cv_sys_global_symbol_to_cdecl='sed -n -e '\''s/^T .* \(.*\)$/extern int \1();/p'\'' -e '\''s/^[ABCDGIRSTW]* .* \(.*\)$/extern char \1;/p'\'''
lt_cv_sys_max_cmd_len=1572864

## ----------------- ##
## Output variables. ##
## ----------------- ##

ACLOCAL='${SHELL} /home/user/github/ltrace/config/autoconf/missing --run aclocal-1.11'
AMDEPBACKSLASH='\'
AMDEP_FALSE='#'
AMDEP_TRUE=''
AMTAR='${SHELL} /home/user/github/ltrace/config/autoconf/missing --run tar'
AM_CFLAGS=' -Wall -Wsign-compare -Wfloat-equal -Wformat-security'
AM_CPPFLAGS=' 	 	-I$(top_srcdir)/sysdeps/linux-gnu/arm 	-I$(top_srcdir)/sysdeps/linux-gnu 	-I$(top_srcdir)/sysdeps 	-I$(top_srcdir) '
AM_LDFLAGS=''
AR='ar'
AUTOCONF='${SHELL} /home/user/github/ltrace/config/autoconf/missing --run autoconf'
AUTOHEADER='${SHELL} /home/user/github/ltrace/config/autoconf/missing --run autoheader'
AUTOMAKE='${SHELL} /home/user/github/ltrace/config/autoconf/missing --run automake-1.11'
AWK='mawk'
CC='gcc'
CCDEPMODE='depmode=gcc3'
CFLAGS='-g -O2'
CPP='gcc -E'
CPPFLAGS=''
CYGPATH_W='echo'
DEFS='-DHAVE_CONFIG_H'
DEPDIR='.deps'
DSYMUTIL=''
DUMPBIN=''
ECHO_C=''
ECHO_N='-n'
ECHO_T=''
EGREP='/bin/grep -E'
EXEEXT=''
FGREP='/bin/grep -F'
GREP='/bin/grep'
HOST_CPU='arm'
HOST_OS='linux-gnu'
INSTALL_DATA='${INSTALL} -m 644'
INSTALL_PROGRAM='${INSTALL}'
INSTALL_SCRIPT='${INSTALL}'
INSTALL_STRIP_PROGRAM='$(install_sh) -c -s'
LD='/usr/bin/ld'
LDFLAGS=''
LIBOBJS=''
LIBS='-lelf '
LIBTOOL='$(SHELL) $(top_builddir)/libtool'
LIPO=''
LN_S='ln -s'
LTLIBOBJS=''
MAINT='#'
MAINTAINER_MODE_FALSE=''
MAINTAINER_MODE_TRUE='#'
MAKEINFO='${SHELL} /home/user/github/ltrace/config/autoconf/missing --run makeinfo'
MKDIR_P='/bin/mkdir -p'
NM='/usr/bin/nm -B'
NMEDIT=''
OBJDUMP='objdump'
OBJEXT='o'
OTOOL64=''
OTOOL=''
PACKAGE='ltrace'
PACKAGE_BUGREPORT='ltrace-devel@lists.alioth.debian.org'
PACKAGE_NAME='ltrace'
PACKAGE_STRING='ltrace 0.6.0'
PACKAGE_TARNAME='ltrace'
PACKAGE_URL=''
PACKAGE_VERSION='0.6.0'
PATH_SEPARATOR=':'
RANLIB='ranlib'
SED='/bin/sed'
SET_MAKE=''
SHELL='/bin/bash'
STRIP='strip'
VERSION='0.6.0'
ac_ct_CC='gcc'
ac_ct_DUMPBIN=''
am__EXEEXT_FALSE=''
am__EXEEXT_TRUE='#'
am__fastdepCC_FALSE='#'
am__fastdepCC_TRUE=''
am__include='include'
am__isrc=''
am__leading_dot='.'
am__quote=''
am__tar='${AMTAR} chof - "$$tardir"'
am__untar='${AMTAR} xf -'
bindir='${exec_prefix}/bin'
build='armv5tejl-unknown-linux-gnueabi'
build_alias=''
build_cpu='armv5tejl'
build_os='linux-gnueabi'
build_vendor='unknown'
datadir='${datarootdir}'
datarootdir='${prefix}/share'
docdir='${datarootdir}/doc/${PACKAGE_TARNAME}'
dvidir='${docdir}'
exec_prefix='${prefix}'
host='armv5tejl-unknown-linux-gnueabi'
host_alias=''
host_cpu='armv5tejl'
host_os='linux-gnueabi'
host_vendor='unknown'
htmldir='${docdir}'
includedir='${prefix}/include'
infodir='${datarootdir}/info'
install_sh='${SHELL} /home/user/github/ltrace/config/autoconf/install-sh'
libdir='${exec_prefix}/lib'
libelf_LD_LIBRARY_PATH=''
liberty_LIBS=''
libexecdir='${exec_prefix}/libexec'
libsupcxx_LIBS=''
libunwind_LD_LIBRARY_PATH=''
libunwind_LIBS=''
libunwind_arch_LIBS=''
libunwind_ptrace_LIBS=''
localedir='${datarootdir}/locale'
localstatedir='${prefix}/var'
lt_ECHO='echo'
mandir='${datarootdir}/man'
mkdir_p='/bin/mkdir -p'
oldincludedir='/usr/include'
pdfdir='${docdir}'
prefix='/usr/local'
program_transform_name='s,x,x,'
psdir='${docdir}'
sbindir='${exec_prefix}/sbin'
sharedstatedir='${prefix}/com'
sysconfdir='${prefix}/etc'
target_alias=''

## ----------- ##
## confdefs.h. ##
## ----------- ##

/* confdefs.h */
#define PACKAGE_NAME "ltrace"
#define PACKAGE_TARNAME "ltrace"
#define PACKAGE_VERSION "0.6.0"
#define PACKAGE_STRING "ltrace 0.6.0"
#define PACKAGE_BUGREPORT "ltrace-devel@lists.alioth.debian.org"
#define PACKAGE_URL ""
#define STDC_HEADERS 1
#define HAVE_SYS_TYPES_H 1
#define HAVE_SYS_STAT_H 1
#define HAVE_STDLIB_H 1
#define HAVE_STRING_H 1
#define HAVE_MEMORY_H 1
#define HAVE_STRINGS_H 1
#define HAVE_INTTYPES_H 1
#define HAVE_STDINT_H 1
#define HAVE_UNISTD_H 1
#define HAVE_DLFCN_H 1
#define LT_OBJDIR ".libs/"
#define PACKAGE "ltrace"
#define VERSION "0.6.0"
#define HAVE_ELF_H 1
#define HAVE_GELF_H 1
#define HAVE_LIBELF 1
#define HAVE_ELF_C_READ_MMAP 1
#define ELF_HASH_TAKES_SIGNED_CHAR 1
#define HAVE_FCNTL_H 1
#define HAVE_LIMITS_H 1
#define HAVE_STDDEF_H 1
#define HAVE_STDINT_H 1
#define HAVE_STDLIB_H 1
#define HAVE_STRING_H 1
#define HAVE_SYS_IOCTL_H 1
#define HAVE_SYS_PARAM_H 1
#define HAVE_SYS_TIME_H 1
#define HAVE_UNISTD_H 1
#define SIZEOF_LONG 4
#define HAVE_FORK 1
#define HAVE_VFORK 1
#define HAVE_WORKING_VFORK 1
#define HAVE_WORKING_FORK 1
#define HAVE_ALARM 1
#define HAVE_ATEXIT 1
#define HAVE_GETCWD 1
#define HAVE_GETTIMEOFDAY 1
#define HAVE_MEMSET 1
#define HAVE_MKDIR 1
#define HAVE_RMDIR 1
#define HAVE_STRCHR 1
#define HAVE_STRDUP 1
#define HAVE_STRERROR 1
#define HAVE_STRTOL 1
#define HAVE_STRTOUL 1

configure: exit 0
